<html>
<head>
<title>TestNG:  Command line test</title>
<link href="../testng.css" rel="stylesheet" type="text/css" />
<link href="../my-testng.css" rel="stylesheet" type="text/css" />

<style type="text/css">
.log { display: none;} 
.stack-trace { display: none;} 
</style>
<script type="text/javascript">
<!--
function flip(e) {
  current = e.style.display;
  if (current == 'block') {
    e.style.display = 'none';
    return 0;
  }
  else {
    e.style.display = 'block';
    return 1;
  }
}

function toggleBox(szDivId, elem, msg1, msg2)
{
  var res = -1;  if (document.getElementById) {
    res = flip(document.getElementById(szDivId));
  }
  else if (document.all) {
    // this is the way old msie versions work
    res = flip(document.all[szDivId]);
  }
  if(elem) {
    if(res == 0) elem.innerHTML = msg1; else elem.innerHTML = msg2;
  }

}

function toggleAllBoxes() {
  if (document.getElementsByTagName) {
    d = document.getElementsByTagName('div');
    for (i = 0; i < d.length; i++) {
      if (d[i].className == 'log') {
        flip(d[i]);
      }
    }
  }
}

// -->
</script>

</head>
<body>
<h2 align='center'>Command line test</h2><table border='1' align="center">
<tr>
<td>Tests passed/Failed/Skipped:</td><td>22/0/0</td>
</tr><tr>
<td>Started on:</td><td>Wed Nov 21 21:36:02 CST 2018</td>
</tr>
<tr><td>Total time:</td><td>9 seconds (9981 ms)</td>
</tr><tr>
<td>Included groups:</td><td></td>
</tr><tr>
<td>Excluded groups:</td><td></td>
</tr>
</table><p/>
<small><i>(Hover the method name to see the test class name)</i></small><p/>
<table width='100%' border='1' class='invocation-passed'>
<tr><td colspan='4' align='center'><b>PASSED TESTS</b></td></tr>
<tr><td><b>Test method</b></td>
<td width="30%"><b>Exception</b></td>
<td width="10%"><b>Time (seconds)</b></td>
<td><b>Instance</b></td>
</tr>
<tr>
<td title='me.chanjar.weixin.common.api.WxMessageInMemoryDuplicateCheckerTest.test()'><b>test</b><br>Test class: me.chanjar.weixin.common.api.WxMessageInMemoryDuplicateCheckerTest</td>
<td></td>
<td>2</td>
<td>me.chanjar.weixin.common.api.WxMessageInMemoryDuplicateCheckerTest@4909b8da</td></tr>
<tr>
<td title='me.chanjar.weixin.common.util.crypto.WxCryptUtilTest.testAesEncrypt()'><b>testAesEncrypt</b><br>Test class: me.chanjar.weixin.common.util.crypto.WxCryptUtilTest</td>
<td></td>
<td>0</td>
<td>me.chanjar.weixin.common.util.crypto.WxCryptUtilTest@15975490</td></tr>
<tr>
<td title='me.chanjar.weixin.common.util.crypto.WxCryptUtilTest.testAesEncrypt2()'><b>testAesEncrypt2</b><br>Test class: me.chanjar.weixin.common.util.crypto.WxCryptUtilTest</td>
<td></td>
<td>0</td>
<td>me.chanjar.weixin.common.util.crypto.WxCryptUtilTest@15975490</td></tr>
<tr>
<td title='me.chanjar.weixin.common.session.SessionTest.testBackgroundProcess()'><b>testBackgroundProcess</b><br>Test class: me.chanjar.weixin.common.session.SessionTest<br>Parameters: me.chanjar.weixin.common.session.StandardSessionManager@4802796d</td>
<td></td>
<td>2</td>
<td>me.chanjar.weixin.common.session.SessionTest@2d3fcdbd</td></tr>
<tr>
<td title='me.chanjar.weixin.common.session.SessionTest.testBackgroundProcess2()'><b>testBackgroundProcess2</b><br>Test class: me.chanjar.weixin.common.session.SessionTest<br>Parameters: me.chanjar.weixin.common.session.StandardSessionManager@34123d65</td>
<td></td>
<td>2</td>
<td>me.chanjar.weixin.common.session.SessionTest@2d3fcdbd</td></tr>
<tr>
<td title='me.chanjar.weixin.common.util.http.apache.DefaultApacheHttpClientBuilderTest.testBuild()'><b>testBuild</b><br>Test class: me.chanjar.weixin.common.util.http.apache.DefaultApacheHttpClientBuilderTest</td>
<td></td>
<td>1</td>
<td>me.chanjar.weixin.common.util.http.apache.DefaultApacheHttpClientBuilderTest@1936f0f5</td></tr>
<tr>
<td title='me.chanjar.weixin.common.error.WxErrorTest.testFromBadJson1()'><b>testFromBadJson1</b><br>Test class: me.chanjar.weixin.common.error.WxErrorTest</td>
<td></td>
<td>0</td>
<td>me.chanjar.weixin.common.error.WxErrorTest@3a03464</td></tr>
<tr>
<td title='me.chanjar.weixin.common.error.WxErrorTest.testFromBadJson2()'><b>testFromBadJson2</b><br>Test class: me.chanjar.weixin.common.error.WxErrorTest</td>
<td></td>
<td>0</td>
<td>me.chanjar.weixin.common.error.WxErrorTest@3a03464</td></tr>
<tr>
<td title='me.chanjar.weixin.common.error.WxErrorTest.testFromJson()'><b>testFromJson</b><br>Test class: me.chanjar.weixin.common.error.WxErrorTest</td>
<td></td>
<td>0</td>
<td>me.chanjar.weixin.common.error.WxErrorTest@3a03464</td></tr>
<tr>
<td title='me.chanjar.weixin.common.bean.WxAccessTokenTest.testFromJson()'><b>testFromJson</b><br>Test class: me.chanjar.weixin.common.bean.WxAccessTokenTest</td>
<td></td>
<td>0</td>
<td>me.chanjar.weixin.common.bean.WxAccessTokenTest@6615435c</td></tr>
<tr>
<td title='me.chanjar.weixin.common.util.crypto.SHA1Test.testGen()'><b>testGen</b><br>Test class: me.chanjar.weixin.common.util.crypto.SHA1Test</td>
<td></td>
<td>0</td>
<td>me.chanjar.weixin.common.util.crypto.SHA1Test@6b143ee9</td></tr>
<tr>
<td title='me.chanjar.weixin.common.util.crypto.SHA1Test.testGenWithAmple()'><b>testGenWithAmple</b><br>Test class: me.chanjar.weixin.common.util.crypto.SHA1Test</td>
<td></td>
<td>0</td>
<td>me.chanjar.weixin.common.util.crypto.SHA1Test@6b143ee9</td></tr>
<tr>
<td title='me.chanjar.weixin.common.util.crypto.SHA1Test.testGen_illegalArguments()'><b>testGen_illegalArguments</b><br>Test class: me.chanjar.weixin.common.util.crypto.SHA1Test</td>
<td><div><pre>java.lang.IllegalArgumentException: 非法请求参数，有部分参数为空 : [null, , 345]
	at me.chanjar.weixin.common.util.crypto.SHA1.gen(SHA1.java:18)
	at me.chanjar.weixin.common.util.crypto.SHA1Test.testGen_illegalArguments(SHA1Test.java:25)
... Removed 35 stack frames</pre></div><a href='#' onClick='toggleBox("stack-trace1888442711", this, "Click to show all stack frames", "Click to hide stack frames")'>Click to show all stack frames</a>
<div class='stack-trace' id='stack-trace1888442711'><pre>java.lang.IllegalArgumentException: 非法请求参数，有部分参数为空 : [null, , 345]
	at me.chanjar.weixin.common.util.crypto.SHA1.gen(SHA1.java:18)
	at me.chanjar.weixin.common.util.crypto.SHA1Test.testGen_illegalArguments(SHA1Test.java:25)
	at sun.reflect.NativeMethodAccessorImpl.invoke0(Native Method)
	at sun.reflect.NativeMethodAccessorImpl.invoke(NativeMethodAccessorImpl.java:62)
	at sun.reflect.DelegatingMethodAccessorImpl.invoke(DelegatingMethodAccessorImpl.java:43)
	at java.lang.reflect.Method.invoke(Method.java:498)
	at org.testng.internal.MethodInvocationHelper.invokeMethod(MethodInvocationHelper.java:124)
	at org.testng.internal.Invoker.invokeMethod(Invoker.java:583)
	at org.testng.internal.Invoker.invokeTestMethod(Invoker.java:719)
	at org.testng.internal.Invoker.invokeTestMethods(Invoker.java:989)
	at org.testng.internal.TestMethodWorker.invokeTestMethods(TestMethodWorker.java:125)
	at org.testng.internal.TestMethodWorker.run(TestMethodWorker.java:109)
	at org.testng.TestRunner.privateRun(TestRunner.java:648)
	at org.testng.TestRunner.run(TestRunner.java:505)
	at org.testng.SuiteRunner.runTest(SuiteRunner.java:455)
	at org.testng.SuiteRunner.runSequentially(SuiteRunner.java:450)
	at org.testng.SuiteRunner.privateRun(SuiteRunner.java:415)
	at org.testng.SuiteRunner.run(SuiteRunner.java:364)
	at org.testng.SuiteRunnerWorker.runSuite(SuiteRunnerWorker.java:52)
	at org.testng.SuiteRunnerWorker.run(SuiteRunnerWorker.java:84)
	at org.testng.TestNG.runSuitesSequentially(TestNG.java:1208)
	at org.testng.TestNG.runSuitesLocally(TestNG.java:1137)
	at org.testng.TestNG.runSuites(TestNG.java:1049)
	at org.testng.TestNG.run(TestNG.java:1017)
	at org.apache.maven.surefire.testng.TestNGExecutor.run(TestNGExecutor.java:77)
	at org.apache.maven.surefire.testng.TestNGDirectoryTestSuite.executeMulti(TestNGDirectoryTestSuite.java:159)
	at org.apache.maven.surefire.testng.TestNGDirectoryTestSuite.execute(TestNGDirectoryTestSuite.java:99)
	at org.apache.maven.surefire.testng.TestNGProvider.invoke(TestNGProvider.java:106)
	at sun.reflect.NativeMethodAccessorImpl.invoke0(Native Method)
	at sun.reflect.NativeMethodAccessorImpl.invoke(NativeMethodAccessorImpl.java:62)
	at sun.reflect.DelegatingMethodAccessorImpl.invoke(DelegatingMethodAccessorImpl.java:43)
	at java.lang.reflect.Method.invoke(Method.java:498)
	at org.apache.maven.surefire.util.ReflectionUtils.invokeMethodWithArray(ReflectionUtils.java:189)
	at org.apache.maven.surefire.booter.ProviderFactory$ProviderProxy.invoke(ProviderFactory.java:165)
	at org.apache.maven.surefire.booter.ProviderFactory.invokeProvider(ProviderFactory.java:85)
	at org.apache.maven.surefire.booter.ForkedBooter.runSuitesInProcess(ForkedBooter.java:115)
	at org.apache.maven.surefire.booter.ForkedBooter.main(ForkedBooter.java:75)
</pre></div></td>
<td>0</td>
<td>me.chanjar.weixin.common.util.crypto.SHA1Test@6b143ee9</td></tr>
<tr>
<td title='me.chanjar.weixin.common.session.SessionTest.testGetSession()'><b>testGetSession</b><br>Test class: me.chanjar.weixin.common.session.SessionTest<br>Parameters: me.chanjar.weixin.common.session.StandardSessionManager@1bb5a082</td>
<td></td>
<td>0</td>
<td>me.chanjar.weixin.common.session.SessionTest@2d3fcdbd</td></tr>
<tr>
<td title='me.chanjar.weixin.common.util.DataUtilsTest.testHandleDataWithSecret()'><b>testHandleDataWithSecret</b><br>Test class: me.chanjar.weixin.common.util.DataUtilsTest</td>
<td></td>
<td>0</td>
<td>me.chanjar.weixin.common.util.DataUtilsTest@47f6473</td></tr>
<tr>
<td title='me.chanjar.weixin.common.session.SessionTest.testInvalidate()'><b>testInvalidate</b><br>Test class: me.chanjar.weixin.common.session.SessionTest<br>Parameters: me.chanjar.weixin.common.session.StandardSessionManager@78691363</td>
<td><div><pre>java.lang.IllegalStateException
	at me.chanjar.weixin.common.session.StandardSession.getAttributeNames(StandardSession.java:95)
	at me.chanjar.weixin.common.session.StandardSessionFacade.getAttributeNames(StandardSessionFacade.java:30)
	at me.chanjar.weixin.common.session.SessionTest.testInvalidate(SessionTest.java:24)
... Removed 35 stack frames</pre></div><a href='#' onClick='toggleBox("stack-trace1820383114", this, "Click to show all stack frames", "Click to hide stack frames")'>Click to show all stack frames</a>
<div class='stack-trace' id='stack-trace1820383114'><pre>java.lang.IllegalStateException
	at me.chanjar.weixin.common.session.StandardSession.getAttributeNames(StandardSession.java:95)
	at me.chanjar.weixin.common.session.StandardSessionFacade.getAttributeNames(StandardSessionFacade.java:30)
	at me.chanjar.weixin.common.session.SessionTest.testInvalidate(SessionTest.java:24)
	at sun.reflect.NativeMethodAccessorImpl.invoke0(Native Method)
	at sun.reflect.NativeMethodAccessorImpl.invoke(NativeMethodAccessorImpl.java:62)
	at sun.reflect.DelegatingMethodAccessorImpl.invoke(DelegatingMethodAccessorImpl.java:43)
	at java.lang.reflect.Method.invoke(Method.java:498)
	at org.testng.internal.MethodInvocationHelper.invokeMethod(MethodInvocationHelper.java:124)
	at org.testng.internal.Invoker.invokeMethod(Invoker.java:583)
	at org.testng.internal.Invoker.invokeTestMethod(Invoker.java:719)
	at org.testng.internal.Invoker.invokeTestMethods(Invoker.java:989)
	at org.testng.internal.TestMethodWorker.invokeTestMethods(TestMethodWorker.java:125)
	at org.testng.internal.TestMethodWorker.run(TestMethodWorker.java:109)
	at org.testng.TestRunner.privateRun(TestRunner.java:648)
	at org.testng.TestRunner.run(TestRunner.java:505)
	at org.testng.SuiteRunner.runTest(SuiteRunner.java:455)
	at org.testng.SuiteRunner.runSequentially(SuiteRunner.java:450)
	at org.testng.SuiteRunner.privateRun(SuiteRunner.java:415)
	at org.testng.SuiteRunner.run(SuiteRunner.java:364)
	at org.testng.SuiteRunnerWorker.runSuite(SuiteRunnerWorker.java:52)
	at org.testng.SuiteRunnerWorker.run(SuiteRunnerWorker.java:84)
	at org.testng.TestNG.runSuitesSequentially(TestNG.java:1208)
	at org.testng.TestNG.runSuitesLocally(TestNG.java:1137)
	at org.testng.TestNG.runSuites(TestNG.java:1049)
	at org.testng.TestNG.run(TestNG.java:1017)
	at org.apache.maven.surefire.testng.TestNGExecutor.run(TestNGExecutor.java:77)
	at org.apache.maven.surefire.testng.TestNGDirectoryTestSuite.executeMulti(TestNGDirectoryTestSuite.java:159)
	at org.apache.maven.surefire.testng.TestNGDirectoryTestSuite.execute(TestNGDirectoryTestSuite.java:99)
	at org.apache.maven.surefire.testng.TestNGProvider.invoke(TestNGProvider.java:106)
	at sun.reflect.NativeMethodAccessorImpl.invoke0(Native Method)
	at sun.reflect.NativeMethodAccessorImpl.invoke(NativeMethodAccessorImpl.java:62)
	at sun.reflect.DelegatingMethodAccessorImpl.invoke(DelegatingMethodAccessorImpl.java:43)
	at java.lang.reflect.Method.invoke(Method.java:498)
	at org.apache.maven.surefire.util.ReflectionUtils.invokeMethodWithArray(ReflectionUtils.java:189)
	at org.apache.maven.surefire.booter.ProviderFactory$ProviderProxy.invoke(ProviderFactory.java:165)
	at org.apache.maven.surefire.booter.ProviderFactory.invokeProvider(ProviderFactory.java:85)
	at org.apache.maven.surefire.booter.ForkedBooter.runSuitesInProcess(ForkedBooter.java:115)
	at org.apache.maven.surefire.booter.ForkedBooter.main(ForkedBooter.java:75)
</pre></div></td>
<td>0</td>
<td>me.chanjar.weixin.common.session.SessionTest@2d3fcdbd</td></tr>
<tr>
<td title='me.chanjar.weixin.common.session.SessionTest.testInvalidate2()'><b>testInvalidate2</b><br>Test class: me.chanjar.weixin.common.session.SessionTest<br>Parameters: me.chanjar.weixin.common.session.StandardSessionManager@3590fc5b</td>
<td></td>
<td>0</td>
<td>me.chanjar.weixin.common.session.SessionTest@2d3fcdbd</td></tr>
<tr>
<td title='me.chanjar.weixin.common.session.SessionTest.testInvalidateAngGet()'><b>testInvalidateAngGet</b><br>Test class: me.chanjar.weixin.common.session.SessionTest<br>Parameters: me.chanjar.weixin.common.session.StandardSessionManager@397fbdb</td>
<td></td>
<td>0</td>
<td>me.chanjar.weixin.common.session.SessionTest@2d3fcdbd</td></tr>
<tr>
<td title='me.chanjar.weixin.common.session.SessionTest.testMaxActive()'><b>testMaxActive</b><br>Test class: me.chanjar.weixin.common.session.SessionTest<br>Parameters: me.chanjar.weixin.common.session.StandardSessionManager@33d512c1</td>
<td></td>
<td>0</td>
<td>me.chanjar.weixin.common.session.SessionTest@2d3fcdbd</td></tr>
<tr>
<td title='me.chanjar.weixin.common.session.SessionTest.testMaxActive2()'><b>testMaxActive2</b><br>Test class: me.chanjar.weixin.common.session.SessionTest<br>Parameters: me.chanjar.weixin.common.session.StandardSessionManager@515c6049</td>
<td><div><pre>me.chanjar.weixin.common.session.TooManyActiveSessionsException
	at me.chanjar.weixin.common.session.StandardSessionManager.createSession(StandardSessionManager.java:146)
	at me.chanjar.weixin.common.session.SessionTest.testMaxActive2(SessionTest.java:128)
... Removed 35 stack frames</pre></div><a href='#' onClick='toggleBox("stack-trace1841396611", this, "Click to show all stack frames", "Click to hide stack frames")'>Click to show all stack frames</a>
<div class='stack-trace' id='stack-trace1841396611'><pre>me.chanjar.weixin.common.session.TooManyActiveSessionsException
	at me.chanjar.weixin.common.session.StandardSessionManager.createSession(StandardSessionManager.java:146)
	at me.chanjar.weixin.common.session.SessionTest.testMaxActive2(SessionTest.java:128)
	at sun.reflect.NativeMethodAccessorImpl.invoke0(Native Method)
	at sun.reflect.NativeMethodAccessorImpl.invoke(NativeMethodAccessorImpl.java:62)
	at sun.reflect.DelegatingMethodAccessorImpl.invoke(DelegatingMethodAccessorImpl.java:43)
	at java.lang.reflect.Method.invoke(Method.java:498)
	at org.testng.internal.MethodInvocationHelper.invokeMethod(MethodInvocationHelper.java:124)
	at org.testng.internal.Invoker.invokeMethod(Invoker.java:583)
	at org.testng.internal.Invoker.invokeTestMethod(Invoker.java:719)
	at org.testng.internal.Invoker.invokeTestMethods(Invoker.java:989)
	at org.testng.internal.TestMethodWorker.invokeTestMethods(TestMethodWorker.java:125)
	at org.testng.internal.TestMethodWorker.run(TestMethodWorker.java:109)
	at org.testng.TestRunner.privateRun(TestRunner.java:648)
	at org.testng.TestRunner.run(TestRunner.java:505)
	at org.testng.SuiteRunner.runTest(SuiteRunner.java:455)
	at org.testng.SuiteRunner.runSequentially(SuiteRunner.java:450)
	at org.testng.SuiteRunner.privateRun(SuiteRunner.java:415)
	at org.testng.SuiteRunner.run(SuiteRunner.java:364)
	at org.testng.SuiteRunnerWorker.runSuite(SuiteRunnerWorker.java:52)
	at org.testng.SuiteRunnerWorker.run(SuiteRunnerWorker.java:84)
	at org.testng.TestNG.runSuitesSequentially(TestNG.java:1208)
	at org.testng.TestNG.runSuitesLocally(TestNG.java:1137)
	at org.testng.TestNG.runSuites(TestNG.java:1049)
	at org.testng.TestNG.run(TestNG.java:1017)
	at org.apache.maven.surefire.testng.TestNGExecutor.run(TestNGExecutor.java:77)
	at org.apache.maven.surefire.testng.TestNGDirectoryTestSuite.executeMulti(TestNGDirectoryTestSuite.java:159)
	at org.apache.maven.surefire.testng.TestNGDirectoryTestSuite.execute(TestNGDirectoryTestSuite.java:99)
	at org.apache.maven.surefire.testng.TestNGProvider.invoke(TestNGProvider.java:106)
	at sun.reflect.NativeMethodAccessorImpl.invoke0(Native Method)
	at sun.reflect.NativeMethodAccessorImpl.invoke(NativeMethodAccessorImpl.java:62)
	at sun.reflect.DelegatingMethodAccessorImpl.invoke(DelegatingMethodAccessorImpl.java:43)
	at java.lang.reflect.Method.invoke(Method.java:498)
	at org.apache.maven.surefire.util.ReflectionUtils.invokeMethodWithArray(ReflectionUtils.java:189)
	at org.apache.maven.surefire.booter.ProviderFactory$ProviderProxy.invoke(ProviderFactory.java:165)
	at org.apache.maven.surefire.booter.ProviderFactory.invokeProvider(ProviderFactory.java:85)
	at org.apache.maven.surefire.booter.ForkedBooter.runSuitesInProcess(ForkedBooter.java:115)
	at org.apache.maven.surefire.booter.ForkedBooter.main(ForkedBooter.java:75)
</pre></div></td>
<td>0</td>
<td>me.chanjar.weixin.common.session.SessionTest@2d3fcdbd</td></tr>
<tr>
<td title='me.chanjar.weixin.common.util.crypto.WxCryptUtilTest.testNormal()'><b>testNormal</b><br>Test class: me.chanjar.weixin.common.util.crypto.WxCryptUtilTest</td>
<td></td>
<td>0</td>
<td>me.chanjar.weixin.common.util.crypto.WxCryptUtilTest@15975490</td></tr>
<tr>
<td title='me.chanjar.weixin.common.util.crypto.WxCryptUtilTest.testValidateSignatureError()'><b>testValidateSignatureError</b><br>Test class: me.chanjar.weixin.common.util.crypto.WxCryptUtilTest</td>
<td></td>
<td>0</td>
<td>me.chanjar.weixin.common.util.crypto.WxCryptUtilTest@15975490</td></tr>
</table><p>
</body>
</html>